2022-03-16 18:19:16 CanUtil.java WARN dasdasdasd
2022-03-16 18:22:14 CanUtil.java WARN dasdasdasd
2022-03-16 18:22:38 CanUtil.java WARN dasdasdasd
2022-03-16 18:24:12,713 method:com.canton.util.type.CanUtil.main(CanUtil.java:80)
dasdasdasd
2022-03-16 18:24:45,850 method:com.canton.util.type.CanUtil.main(CanUtil.java:80) dasdasdasd2022-03-16 18:24:50,716 method:com.canton.util.type.CanUtil.main(CanUtil.java:80) dasdasdasd2022-03-16 18:25:43 [ WARN][main][CanUtil]-[main] dasdasdasd
[WARN ] 2022-03-16 18:26:28,504(0) --> [main] com.canton.util.type.CanUtil.main(CanUtil.java:80): dasdasdasd  
[ERROR] 2022-03-16 18:30:45,939(1) --> [main] com.canton.util.type.JsonUtil.toBean(JsonUtil.java:40): 转json异常  
com.fasterxml.jackson.core.JsonParseException: Unrecognized token 'dsadasd': was expecting (JSON String, Number, Array, Object or token 'null', 'true' or 'false')
 at [Source: (String)"dsadasd"; line: 1, column: 8]
	at com.fasterxml.jackson.core.JsonParser._constructError(JsonParser.java:2337)
	at com.fasterxml.jackson.core.base.ParserMinimalBase._reportError(ParserMinimalBase.java:720)
	at com.fasterxml.jackson.core.json.ReaderBasedJsonParser._reportInvalidToken(ReaderBasedJsonParser.java:2902)
	at com.fasterxml.jackson.core.json.ReaderBasedJsonParser._handleOddValue(ReaderBasedJsonParser.java:1949)
	at com.fasterxml.jackson.core.json.ReaderBasedJsonParser.nextToken(ReaderBasedJsonParser.java:781)
	at com.fasterxml.jackson.databind.ObjectMapper._initForReading(ObjectMapper.java:4684)
	at com.fasterxml.jackson.databind.ObjectMapper._readMapAndClose(ObjectMapper.java:4586)
	at com.fasterxml.jackson.databind.ObjectMapper.readValue(ObjectMapper.java:3548)
	at com.fasterxml.jackson.databind.ObjectMapper.readValue(ObjectMapper.java:3516)
	at com.canton.util.type.JsonUtil.toBean(JsonUtil.java:38)
	at com.canton.util.type.JsonUtil.main(JsonUtil.java:46)
[ERROR] 2022-03-17 10:33:11,761(0) --> [main] com.canton.util.type.JsonUtil.toBeanList(JsonUtil.java:64): json转List异常  
com.fasterxml.jackson.databind.exc.MismatchedInputException: Cannot deserialize value of type `com.canton.excpetion.more.SystemException` from Array value (token `JsonToken.START_ARRAY`)
 at [Source: (String)"[[{"stackTrace":[{"methodName":"main","fileName":"JsonUtil.java","lineNumber":96,"className":"com.canton.util.type.JsonUtil","nativeMethod":false}],"code":400,"localizedMessage":"dsadas","message":"dsadas","suppressed":[]},{"stackTrace":[{"methodName":"main","fileName":"JsonUtil.java","lineNumber":97,"className":"com.canton.util.type.JsonUtil","nativeMethod":false}],"code":400,"localizedMessage":"4321432","message":"4321432","suppressed":[]},{"stackTrace":[{"methodName":"main","fileName":"JsonUt"[truncated 186 chars]; line: 1, column: 2] (through reference chain: java.util.ArrayList[0])
	at com.fasterxml.jackson.databind.exc.MismatchedInputException.from(MismatchedInputException.java:59)
	at com.fasterxml.jackson.databind.DeserializationContext.reportInputMismatch(DeserializationContext.java:1601)
	at com.fasterxml.jackson.databind.DeserializationContext.handleUnexpectedToken(DeserializationContext.java:1375)
	at com.fasterxml.jackson.databind.DeserializationContext.handleUnexpectedToken(DeserializationContext.java:1322)
	at com.fasterxml.jackson.databind.deser.BeanDeserializer._deserializeFromArray(BeanDeserializer.java:640)
	at com.fasterxml.jackson.databind.deser.BeanDeserializer._deserializeOther(BeanDeserializer.java:221)
	at com.fasterxml.jackson.databind.deser.BeanDeserializer.deserialize(BeanDeserializer.java:197)
	at com.fasterxml.jackson.databind.deser.std.CollectionDeserializer._deserializeFromArray(CollectionDeserializer.java:355)
	at com.fasterxml.jackson.databind.deser.std.CollectionDeserializer.deserialize(CollectionDeserializer.java:244)
	at com.fasterxml.jackson.databind.deser.std.CollectionDeserializer.deserialize(CollectionDeserializer.java:28)
	at com.fasterxml.jackson.databind.deser.DefaultDeserializationContext.readRootValue(DefaultDeserializationContext.java:322)
	at com.fasterxml.jackson.databind.ObjectMapper._readMapAndClose(ObjectMapper.java:4593)
	at com.fasterxml.jackson.databind.ObjectMapper.readValue(ObjectMapper.java:3548)
	at com.canton.util.type.JsonUtil.toBeanList(JsonUtil.java:62)
	at com.canton.util.type.JsonUtil.listToList(JsonUtil.java:86)
	at com.canton.util.type.JsonUtil.main(JsonUtil.java:100)
